<?xml version="1.0" encoding="UTF-8"?>
<testng-results ignored="0" total="1" passed="1" failed="0" skipped="0">
  <reporter-output>
  </reporter-output>
  <suite started-at="2022-04-22T06:12:41 IST" name="Default suite" finished-at="2022-04-22T06:12:51 IST" duration-ms="9838">
    <groups>
      <group name="cucumber">
        <method signature="AbstractTestNGCucumberTests.runScenario(io.cucumber.testng.PickleWrapper,io.cucumber.testng.FeatureWrapper)[pri:0, instance:bddframework.Runner@1189dd52]" name="runScenario" class="io.cucumber.testng.AbstractTestNGCucumberTests"/>
      </group> <!-- cucumber -->
    </groups>
    <test started-at="2022-04-22T06:12:41 IST" name="Default test" finished-at="2022-04-22T06:12:51 IST" duration-ms="9838">
      <class name="bddframework.Runner">
        <test-method is-config="true" signature="setUpClass(org.testng.ITestContext)[pri:0, instance:bddframework.Runner@1189dd52]" started-at="2022-04-22T06:12:41 IST" name="setUpClass" finished-at="2022-04-22T06:12:41 IST" duration-ms="428" status="PASS">
          <params>
            <param index="0">
              <value>
                <![CDATA[org.testng.TestRunner@54657dd2]]>
              </value>
            </param>
          </params>
          <reporter-output>
          </reporter-output>
        </test-method> <!-- setUpClass -->
        <test-method signature="runScenario(io.cucumber.testng.PickleWrapper,io.cucumber.testng.FeatureWrapper)[pri:0, instance:bddframework.Runner@1189dd52]" started-at="2022-04-22T06:12:42 IST" name="runScenario" description="Runs Cucumber Scenarios" data-provider="scenarios" finished-at="2022-04-22T06:12:51 IST" duration-ms="9223" status="PASS">
          <params>
            <param index="0">
              <value>
                <![CDATA["Login"]]>
              </value>
            </param>
            <param index="1">
              <value>
                <![CDATA["Optional[Login of PHP Travels]"]]>
              </value>
            </param>
          </params>
          <reporter-output>
          </reporter-output>
        </test-method> <!-- runScenario -->
        <test-method is-config="true" signature="tearDownClass()[pri:0, instance:bddframework.Runner@1189dd52]" started-at="2022-04-22T06:12:51 IST" name="tearDownClass" finished-at="2022-04-22T06:12:51 IST" duration-ms="68" status="PASS">
          <reporter-output>
          </reporter-output>
        </test-method> <!-- tearDownClass -->
      </class> <!-- bddframework.Runner -->
    </test> <!-- Default test -->
  </suite> <!-- Default suite -->
</testng-results>
